{"level":50,"time":1771607933994,"pid":967213,"hostname":"dark","name":"interview","err":{"type":"Error","message":"provider error","stack":"Error: provider error\n    at autoSelect (/home/daniel/Projects/barf/barf-ts/tests/unit/interview.test.ts:90:38)\n    at interviewCommand (/home/daniel/Projects/barf/barf-ts/src/cli/commands/interview.ts:27:35)\n    at <anonymous> (/home/daniel/Projects/barf/barf-ts/tests/unit/interview.test.ts:93:11)"},"msg":"provider error"}
{"level":30,"time":1771607933995,"pid":967213,"hostname":"dark","name":"interview","msg":"No NEW issues available for interview."}
{"level":30,"time":1771607933995,"pid":967213,"hostname":"dark","name":"interview","issueId":"001","msg":"starting interview"}
{"level":50,"time":1771607933995,"pid":967213,"hostname":"dark","name":"interview","issueId":"001","err":"transition failed","msg":"failed to start interview"}
{"level":30,"time":1771607933996,"pid":967213,"hostname":"dark","name":"interview","issueId":"001","msg":"starting interview"}
{"level":30,"time":1771607933997,"pid":967213,"hostname":"dark","name":"interview","issueId":"001","msg":"interview complete — issue is now PLANNED"}
{"level":30,"time":1771607933996,"pid":967213,"hostname":"dark","name":"interview","issueId":"001","turn":0,"msg":"running interview turn"}
{"level":30,"time":1771607933997,"pid":967213,"hostname":"dark","name":"interview","issueId":"001","turn":0,"msg":"interview_complete signal received"}
{"level":30,"time":1771607933997,"pid":967213,"hostname":"dark","name":"interview","issueId":"001","turn":0,"msg":"running interview turn"}
{"level":30,"time":1771607933997,"pid":967213,"hostname":"dark","name":"interview","issueId":"001","turn":0,"msg":"interview_complete signal received"}
{"level":30,"time":1771607933997,"pid":967213,"hostname":"dark","name":"interview","issueId":"001","turn":0,"msg":"running interview turn"}
{"level":30,"time":1771607933998,"pid":967213,"hostname":"dark","name":"interview","issueId":"001","turn":0,"msg":"running interview turn"}
{"level":30,"time":1771607933998,"pid":967213,"hostname":"dark","name":"interview","issueId":"001","turn":0,"msg":"running interview turn"}
{"level":30,"time":1771607933998,"pid":967213,"hostname":"dark","name":"interview","issueId":"001","turn":1,"msg":"running interview turn"}
{"level":30,"time":1771607933998,"pid":967213,"hostname":"dark","name":"interview","issueId":"001","turn":1,"msg":"interview_complete signal received"}
{"level":30,"time":1771607933999,"pid":967213,"hostname":"dark","name":"interview","issueId":"001","turn":0,"msg":"running interview turn"}
{"level":40,"time":1771607933999,"pid":967213,"hostname":"dark","name":"interview","issueId":"001","turn":0,"error":"[\n  {\n    \"code\": \"invalid_union\",\n    \"errors\": [\n      [\n        {\n          \"code\": \"invalid_value\",\n          \"values\": [\n            true\n          ],\n          \"path\": [\n            \"complete\"\n          ],\n          \"message\": \"Invalid input: expected true\"\n        }\n      ],\n      [\n        {\n          \"expected\": \"array\",\n          \"code\": \"invalid_type\",\n          \"path\": [\n            \"questions\"\n          ],\n          \"message\": \"Invalid input: expected array, received undefined\"\n        }\n      ]\n    ],\n    \"path\": [],\n    \"message\": \"Invalid input\"\n  }\n]","msg":"structured output has unexpected shape — stopping"}
{"level":30,"time":1771607933999,"pid":967213,"hostname":"dark","name":"interview","issueId":"001","turn":0,"msg":"no structured output — interview complete"}
{"level":30,"time":1771607933999,"pid":967213,"hostname":"dark","name":"interview","issueId":"001","turn":0,"msg":"running interview turn"}
{"level":30,"time":1771607933999,"pid":967213,"hostname":"dark","name":"interview","issueId":"001","turn":0,"msg":"no structured output — interview complete"}
{"level":50,"time":1771607937233,"pid":967535,"hostname":"dark","name":"audit","err":{"type":"Error","message":"provider error","stack":"Error: provider error\n    at listIssues (/home/daniel/Projects/barf/barf-ts/tests/unit/audit.test.ts:52:38)\n    at auditCommand (/home/daniel/Projects/barf/barf-ts/src/cli/commands/audit.ts:206:37)\n    at <anonymous> (/home/daniel/Projects/barf/barf-ts/tests/unit/audit.test.ts:55:11)"},"msg":"provider error"}
{"level":30,"time":1771607937235,"pid":967535,"hostname":"dark","name":"audit","msg":"No COMPLETED issues to audit."}
{"level":50,"time":1771607937235,"pid":967535,"hostname":"dark","name":"audit","issueId":"001","err":"not found","msg":"could not fetch issue"}
{"level":40,"time":1771607937235,"pid":967535,"hostname":"dark","name":"audit","issueId":"001","state":"IN_PROGRESS","msg":"skipping — issue is not COMPLETED"}
{"level":50,"time":1771607937282,"pid":967535,"hostname":"dark","name":"interview","err":{"type":"Error","message":"provider error","stack":"Error: provider error\n    at autoSelect (/home/daniel/Projects/barf/barf-ts/tests/unit/interview.test.ts:90:38)\n    at interviewCommand (/home/daniel/Projects/barf/barf-ts/src/cli/commands/interview.ts:27:35)\n    at <anonymous> (/home/daniel/Projects/barf/barf-ts/tests/unit/interview.test.ts:93:11)"},"msg":"provider error"}
{"level":30,"time":1771607937282,"pid":967535,"hostname":"dark","name":"interview","msg":"No NEW issues available for interview."}
{"level":30,"time":1771607937282,"pid":967535,"hostname":"dark","name":"interview","issueId":"001","msg":"starting interview"}
{"level":50,"time":1771607937282,"pid":967535,"hostname":"dark","name":"interview","issueId":"001","err":"transition failed","msg":"failed to start interview"}
{"level":30,"time":1771607937282,"pid":967535,"hostname":"dark","name":"interview","issueId":"001","msg":"starting interview"}
{"level":30,"time":1771607937284,"pid":967535,"hostname":"dark","name":"interview","issueId":"001","msg":"interview complete — issue is now PLANNED"}
{"level":30,"time":1771607937283,"pid":967535,"hostname":"dark","name":"interview","issueId":"001","turn":0,"msg":"running interview turn"}
{"level":30,"time":1771607937284,"pid":967535,"hostname":"dark","name":"interview","issueId":"001","turn":0,"msg":"interview_complete signal received"}
{"level":30,"time":1771607937284,"pid":967535,"hostname":"dark","name":"interview","issueId":"001","turn":0,"msg":"running interview turn"}
{"level":30,"time":1771607937284,"pid":967535,"hostname":"dark","name":"interview","issueId":"001","turn":0,"msg":"interview_complete signal received"}
{"level":30,"time":1771607937285,"pid":967535,"hostname":"dark","name":"interview","issueId":"001","turn":0,"msg":"running interview turn"}
{"level":30,"time":1771607937285,"pid":967535,"hostname":"dark","name":"interview","issueId":"001","turn":0,"msg":"running interview turn"}
{"level":30,"time":1771607937285,"pid":967535,"hostname":"dark","name":"interview","issueId":"001","turn":0,"msg":"running interview turn"}
{"level":30,"time":1771607937286,"pid":967535,"hostname":"dark","name":"interview","issueId":"001","turn":1,"msg":"running interview turn"}
{"level":30,"time":1771607937286,"pid":967535,"hostname":"dark","name":"interview","issueId":"001","turn":1,"msg":"interview_complete signal received"}
{"level":30,"time":1771607937286,"pid":967535,"hostname":"dark","name":"interview","issueId":"001","turn":0,"msg":"running interview turn"}
{"level":40,"time":1771607937286,"pid":967535,"hostname":"dark","name":"interview","issueId":"001","turn":0,"error":"[\n  {\n    \"code\": \"invalid_union\",\n    \"errors\": [\n      [\n        {\n          \"code\": \"invalid_value\",\n          \"values\": [\n            true\n          ],\n          \"path\": [\n            \"complete\"\n          ],\n          \"message\": \"Invalid input: expected true\"\n        }\n      ],\n      [\n        {\n          \"expected\": \"array\",\n          \"code\": \"invalid_type\",\n          \"path\": [\n            \"questions\"\n          ],\n          \"message\": \"Invalid input: expected array, received undefined\"\n        }\n      ]\n    ],\n    \"path\": [],\n    \"message\": \"Invalid input\"\n  }\n]","msg":"structured output has unexpected shape — stopping"}
{"level":30,"time":1771607937286,"pid":967535,"hostname":"dark","name":"interview","issueId":"001","turn":0,"msg":"no structured output — interview complete"}
{"level":30,"time":1771607937286,"pid":967535,"hostname":"dark","name":"interview","issueId":"001","turn":0,"msg":"running interview turn"}
{"level":30,"time":1771607937286,"pid":967535,"hostname":"dark","name":"interview","issueId":"001","turn":0,"msg":"no structured output — interview complete"}
{"level":50,"time":1771607937291,"pid":967535,"hostname":"dark","name":"auto","err":{"type":"Error","message":"gh: not authenticated","stack":"Error: gh: not authenticated\n    at <anonymous> (/home/daniel/Projects/barf/barf-ts/tests/unit/auto.test.ts:38:54)\n    at autoCommand (/home/daniel/Projects/barf/barf-ts/src/cli/commands/auto.ts:36:39)\n    at <anonymous> (/home/daniel/Projects/barf/barf-ts/tests/unit/auto.test.ts:40:11)"},"msg":"gh: not authenticated"}
{"level":30,"time":1771607937291,"pid":967535,"hostname":"dark","name":"auto","msg":"no actionable issues — done"}
{"level":30,"time":1771607937292,"pid":967535,"hostname":"dark","name":"auto","msg":"no actionable issues — done"}
{"level":50,"time":1771607967108,"pid":970429,"hostname":"dark","name":"audit","err":{"type":"Error","message":"provider error","stack":"Error: provider error\n    at listIssues (/home/daniel/Projects/barf/barf-ts/tests/unit/audit.test.ts:52:38)\n    at auditCommand (/home/daniel/Projects/barf/barf-ts/src/cli/commands/audit.ts:206:37)\n    at <anonymous> (/home/daniel/Projects/barf/barf-ts/tests/unit/audit.test.ts:55:11)"},"msg":"provider error"}
{"level":30,"time":1771607967109,"pid":970429,"hostname":"dark","name":"audit","msg":"No COMPLETED issues to audit."}
{"level":50,"time":1771607967109,"pid":970429,"hostname":"dark","name":"audit","issueId":"001","err":"not found","msg":"could not fetch issue"}
{"level":40,"time":1771607967109,"pid":970429,"hostname":"dark","name":"audit","issueId":"001","state":"IN_PROGRESS","msg":"skipping — issue is not COMPLETED"}
{"level":50,"time":1771607967154,"pid":970429,"hostname":"dark","name":"interview","err":{"type":"Error","message":"provider error","stack":"Error: provider error\n    at autoSelect (/home/daniel/Projects/barf/barf-ts/tests/unit/interview.test.ts:90:38)\n    at interviewCommand (/home/daniel/Projects/barf/barf-ts/src/cli/commands/interview.ts:27:35)\n    at <anonymous> (/home/daniel/Projects/barf/barf-ts/tests/unit/interview.test.ts:93:11)"},"msg":"provider error"}
{"level":30,"time":1771607967154,"pid":970429,"hostname":"dark","name":"interview","msg":"No NEW issues available for interview."}
{"level":30,"time":1771607967155,"pid":970429,"hostname":"dark","name":"interview","issueId":"001","msg":"starting interview"}
{"level":50,"time":1771607967155,"pid":970429,"hostname":"dark","name":"interview","issueId":"001","err":"transition failed","msg":"failed to start interview"}
{"level":30,"time":1771607967155,"pid":970429,"hostname":"dark","name":"interview","issueId":"001","msg":"starting interview"}
{"level":30,"time":1771607967156,"pid":970429,"hostname":"dark","name":"interview","issueId":"001","msg":"interview complete — issue is now PLANNED"}
{"level":30,"time":1771607967155,"pid":970429,"hostname":"dark","name":"interview","issueId":"001","turn":0,"msg":"running interview turn"}
{"level":30,"time":1771607967156,"pid":970429,"hostname":"dark","name":"interview","issueId":"001","turn":0,"msg":"interview_complete signal received"}
{"level":30,"time":1771607967156,"pid":970429,"hostname":"dark","name":"interview","issueId":"001","turn":0,"msg":"running interview turn"}
{"level":30,"time":1771607967156,"pid":970429,"hostname":"dark","name":"interview","issueId":"001","turn":0,"msg":"interview_complete signal received"}
{"level":30,"time":1771607967156,"pid":970429,"hostname":"dark","name":"interview","issueId":"001","turn":0,"msg":"running interview turn"}
{"level":30,"time":1771607967156,"pid":970429,"hostname":"dark","name":"interview","issueId":"001","turn":0,"msg":"running interview turn"}
{"level":30,"time":1771607967156,"pid":970429,"hostname":"dark","name":"interview","issueId":"001","turn":0,"msg":"running interview turn"}
{"level":30,"time":1771607967157,"pid":970429,"hostname":"dark","name":"interview","issueId":"001","turn":1,"msg":"running interview turn"}
{"level":30,"time":1771607967157,"pid":970429,"hostname":"dark","name":"interview","issueId":"001","turn":1,"msg":"interview_complete signal received"}
{"level":30,"time":1771607967157,"pid":970429,"hostname":"dark","name":"interview","issueId":"001","turn":0,"msg":"running interview turn"}
{"level":40,"time":1771607967157,"pid":970429,"hostname":"dark","name":"interview","issueId":"001","turn":0,"error":"[\n  {\n    \"code\": \"invalid_union\",\n    \"errors\": [\n      [\n        {\n          \"code\": \"invalid_value\",\n          \"values\": [\n            true\n          ],\n          \"path\": [\n            \"complete\"\n          ],\n          \"message\": \"Invalid input: expected true\"\n        }\n      ],\n      [\n        {\n          \"expected\": \"array\",\n          \"code\": \"invalid_type\",\n          \"path\": [\n            \"questions\"\n          ],\n          \"message\": \"Invalid input: expected array, received undefined\"\n        }\n      ]\n    ],\n    \"path\": [],\n    \"message\": \"Invalid input\"\n  }\n]","msg":"structured output has unexpected shape — stopping"}
{"level":30,"time":1771607967157,"pid":970429,"hostname":"dark","name":"interview","issueId":"001","turn":0,"msg":"no structured output — interview complete"}
{"level":30,"time":1771607967157,"pid":970429,"hostname":"dark","name":"interview","issueId":"001","turn":0,"msg":"running interview turn"}
{"level":30,"time":1771607967157,"pid":970429,"hostname":"dark","name":"interview","issueId":"001","turn":0,"msg":"no structured output — interview complete"}
{"level":50,"time":1771607967161,"pid":970429,"hostname":"dark","name":"auto","err":{"type":"Error","message":"gh: not authenticated","stack":"Error: gh: not authenticated\n    at <anonymous> (/home/daniel/Projects/barf/barf-ts/tests/unit/auto.test.ts:38:54)\n    at autoCommand (/home/daniel/Projects/barf/barf-ts/src/cli/commands/auto.ts:36:39)\n    at <anonymous> (/home/daniel/Projects/barf/barf-ts/tests/unit/auto.test.ts:40:11)"},"msg":"gh: not authenticated"}
{"level":30,"time":1771607967162,"pid":970429,"hostname":"dark","name":"auto","msg":"no actionable issues — done"}
{"level":30,"time":1771607967162,"pid":970429,"hostname":"dark","name":"auto","msg":"no actionable issues — done"}
{"level":50,"time":1771608559836,"pid":990471,"hostname":"dark","name":"audit","err":{"type":"Error","message":"provider error","stack":"Error: provider error\n    at listIssues (/home/daniel/Projects/barf/barf-ts/tests/unit/audit.test.ts:52:38)\n    at auditCommand (/home/daniel/Projects/barf/barf-ts/src/cli/commands/audit.ts:206:37)\n    at <anonymous> (/home/daniel/Projects/barf/barf-ts/tests/unit/audit.test.ts:55:11)"},"msg":"provider error"}
{"level":30,"time":1771608559837,"pid":990471,"hostname":"dark","name":"audit","msg":"No COMPLETED issues to audit."}
{"level":50,"time":1771608559838,"pid":990471,"hostname":"dark","name":"audit","issueId":"001","err":"not found","msg":"could not fetch issue"}
{"level":40,"time":1771608559838,"pid":990471,"hostname":"dark","name":"audit","issueId":"001","state":"IN_PROGRESS","msg":"skipping — issue is not COMPLETED"}
{"level":50,"time":1771608559908,"pid":990471,"hostname":"dark","name":"interview","err":{"type":"Error","message":"provider error","stack":"Error: provider error\n    at autoSelect (/home/daniel/Projects/barf/barf-ts/tests/unit/interview.test.ts:90:38)\n    at interviewCommand (/home/daniel/Projects/barf/barf-ts/src/cli/commands/interview.ts:27:35)\n    at <anonymous> (/home/daniel/Projects/barf/barf-ts/tests/unit/interview.test.ts:93:11)"},"msg":"provider error"}
{"level":30,"time":1771608559908,"pid":990471,"hostname":"dark","name":"interview","msg":"No NEW issues available for interview."}
{"level":30,"time":1771608559908,"pid":990471,"hostname":"dark","name":"interview","issueId":"001","msg":"starting interview"}
{"level":50,"time":1771608559908,"pid":990471,"hostname":"dark","name":"interview","issueId":"001","err":"transition failed","msg":"failed to start interview"}
{"level":30,"time":1771608559909,"pid":990471,"hostname":"dark","name":"interview","issueId":"001","msg":"starting interview"}
{"level":30,"time":1771608559910,"pid":990471,"hostname":"dark","name":"interview","issueId":"001","msg":"interview complete — issue is now PLANNED"}
{"level":30,"time":1771608559909,"pid":990471,"hostname":"dark","name":"interview","issueId":"001","turn":0,"msg":"running interview turn"}
{"level":30,"time":1771608559910,"pid":990471,"hostname":"dark","name":"interview","issueId":"001","turn":0,"msg":"interview_complete signal received"}
{"level":30,"time":1771608559910,"pid":990471,"hostname":"dark","name":"interview","issueId":"001","turn":0,"msg":"running interview turn"}
{"level":30,"time":1771608559910,"pid":990471,"hostname":"dark","name":"interview","issueId":"001","turn":0,"msg":"interview_complete signal received"}
{"level":30,"time":1771608559910,"pid":990471,"hostname":"dark","name":"interview","issueId":"001","turn":0,"msg":"running interview turn"}
{"level":30,"time":1771608559910,"pid":990471,"hostname":"dark","name":"interview","issueId":"001","turn":0,"msg":"running interview turn"}
{"level":30,"time":1771608559910,"pid":990471,"hostname":"dark","name":"interview","issueId":"001","turn":0,"msg":"running interview turn"}
{"level":30,"time":1771608559911,"pid":990471,"hostname":"dark","name":"interview","issueId":"001","turn":1,"msg":"running interview turn"}
{"level":30,"time":1771608559911,"pid":990471,"hostname":"dark","name":"interview","issueId":"001","turn":1,"msg":"interview_complete signal received"}
{"level":30,"time":1771608559911,"pid":990471,"hostname":"dark","name":"interview","issueId":"001","turn":0,"msg":"running interview turn"}
{"level":40,"time":1771608559911,"pid":990471,"hostname":"dark","name":"interview","issueId":"001","turn":0,"error":"[\n  {\n    \"code\": \"invalid_union\",\n    \"errors\": [\n      [\n        {\n          \"code\": \"invalid_value\",\n          \"values\": [\n            true\n          ],\n          \"path\": [\n            \"complete\"\n          ],\n          \"message\": \"Invalid input: expected true\"\n        }\n      ],\n      [\n        {\n          \"expected\": \"array\",\n          \"code\": \"invalid_type\",\n          \"path\": [\n            \"questions\"\n          ],\n          \"message\": \"Invalid input: expected array, received undefined\"\n        }\n      ]\n    ],\n    \"path\": [],\n    \"message\": \"Invalid input\"\n  }\n]","msg":"structured output has unexpected shape — stopping"}
{"level":30,"time":1771608559911,"pid":990471,"hostname":"dark","name":"interview","issueId":"001","turn":0,"msg":"no structured output — interview complete"}
{"level":30,"time":1771608559911,"pid":990471,"hostname":"dark","name":"interview","issueId":"001","turn":0,"msg":"running interview turn"}
{"level":30,"time":1771608559911,"pid":990471,"hostname":"dark","name":"interview","issueId":"001","turn":0,"msg":"no structured output — interview complete"}
{"level":50,"time":1771608559917,"pid":990471,"hostname":"dark","name":"auto","err":{"type":"Error","message":"gh: not authenticated","stack":"Error: gh: not authenticated\n    at <anonymous> (/home/daniel/Projects/barf/barf-ts/tests/unit/auto.test.ts:38:54)\n    at autoCommand (/home/daniel/Projects/barf/barf-ts/src/cli/commands/auto.ts:36:39)\n    at <anonymous> (/home/daniel/Projects/barf/barf-ts/tests/unit/auto.test.ts:40:11)"},"msg":"gh: not authenticated"}
{"level":30,"time":1771608559917,"pid":990471,"hostname":"dark","name":"auto","msg":"no actionable issues — done"}
{"level":30,"time":1771608559918,"pid":990471,"hostname":"dark","name":"auto","msg":"no actionable issues — done"}
{"level":50,"time":1771610137150,"pid":1040479,"hostname":"dark","name":"interview","err":{"type":"Error","message":"provider error","stack":"Error: provider error\n    at autoSelect (/home/daniel/Projects/barf/barf-ts/tests/unit/interview.test.ts:90:38)\n    at interviewCommand (/home/daniel/Projects/barf/barf-ts/src/cli/commands/interview.ts:27:35)\n    at <anonymous> (/home/daniel/Projects/barf/barf-ts/tests/unit/interview.test.ts:93:11)"},"msg":"provider error"}
{"level":30,"time":1771610137151,"pid":1040479,"hostname":"dark","name":"interview","msg":"No NEW issues available for interview."}
{"level":30,"time":1771610137151,"pid":1040479,"hostname":"dark","name":"interview","issueId":"001","msg":"starting interview"}
{"level":50,"time":1771610137151,"pid":1040479,"hostname":"dark","name":"interview","issueId":"001","err":"transition failed","msg":"failed to start interview"}
{"level":30,"time":1771610137151,"pid":1040479,"hostname":"dark","name":"interview","issueId":"001","msg":"starting interview"}
{"level":30,"time":1771610137152,"pid":1040479,"hostname":"dark","name":"interview","issueId":"001","msg":"interview complete — issue is now PLANNED"}
{"level":30,"time":1771610137152,"pid":1040479,"hostname":"dark","name":"interview","issueId":"001","turn":0,"msg":"running interview turn"}
{"level":30,"time":1771610137152,"pid":1040479,"hostname":"dark","name":"interview","issueId":"001","turn":0,"msg":"interview_complete signal received"}
{"level":30,"time":1771610137152,"pid":1040479,"hostname":"dark","name":"interview","issueId":"001","turn":0,"msg":"running interview turn"}
{"level":30,"time":1771610137152,"pid":1040479,"hostname":"dark","name":"interview","issueId":"001","turn":0,"msg":"interview_complete signal received"}
{"level":30,"time":1771610137152,"pid":1040479,"hostname":"dark","name":"interview","issueId":"001","turn":0,"msg":"running interview turn"}
{"level":30,"time":1771610137152,"pid":1040479,"hostname":"dark","name":"interview","issueId":"001","turn":0,"msg":"running interview turn"}
{"level":30,"time":1771610137153,"pid":1040479,"hostname":"dark","name":"interview","issueId":"001","turn":0,"msg":"running interview turn"}
{"level":30,"time":1771610137153,"pid":1040479,"hostname":"dark","name":"interview","issueId":"001","turn":1,"msg":"running interview turn"}
{"level":30,"time":1771610137153,"pid":1040479,"hostname":"dark","name":"interview","issueId":"001","turn":1,"msg":"interview_complete signal received"}
{"level":30,"time":1771610137153,"pid":1040479,"hostname":"dark","name":"interview","issueId":"001","turn":0,"msg":"running interview turn"}
{"level":40,"time":1771610137154,"pid":1040479,"hostname":"dark","name":"interview","issueId":"001","turn":0,"error":"[\n  {\n    \"code\": \"invalid_union\",\n    \"errors\": [\n      [\n        {\n          \"code\": \"invalid_value\",\n          \"values\": [\n            true\n          ],\n          \"path\": [\n            \"complete\"\n          ],\n          \"message\": \"Invalid input: expected true\"\n        }\n      ],\n      [\n        {\n          \"expected\": \"array\",\n          \"code\": \"invalid_type\",\n          \"path\": [\n            \"questions\"\n          ],\n          \"message\": \"Invalid input: expected array, received undefined\"\n        }\n      ]\n    ],\n    \"path\": [],\n    \"message\": \"Invalid input\"\n  }\n]","msg":"structured output has unexpected shape — stopping"}
{"level":30,"time":1771610137154,"pid":1040479,"hostname":"dark","name":"interview","issueId":"001","turn":0,"msg":"no structured output — interview complete"}
{"level":30,"time":1771610137154,"pid":1040479,"hostname":"dark","name":"interview","issueId":"001","turn":0,"msg":"running interview turn"}
{"level":30,"time":1771610137154,"pid":1040479,"hostname":"dark","name":"interview","issueId":"001","turn":0,"msg":"no structured output — interview complete"}
